app/build/intermediates/manifest_merge_blame_file/debug/processDebugMainManifest/manifest-merger-blame-debug-report.txt
1<?xml version="1.0" encoding="utf-8"?>
2<manifest xmlns:android="http://schemas.android.com/apk/res/android"
3    package="com.health.companion"
4    android:versionCode="1"
5    android:versionName="1.0.0" >
6
7    <uses-sdk
8        android:minSdkVersion="30"
9        android:targetSdkVersion="34" />
10
11    <!-- Network Permissions -->
12    <uses-permission android:name="android.permission.INTERNET" />
12-->src\main\AndroidManifest.xml:6:5-67
12-->src\main\AndroidManifest.xml:6:22-64
13    <uses-permission android:name="android.permission.ACCESS_NETWORK_STATE" />
13-->src\main\AndroidManifest.xml:7:5-79
13-->src\main\AndroidManifest.xml:7:22-76
14
15    <!-- Camera & Audio -->
16    <uses-permission android:name="android.permission.CAMERA" />
16-->src\main\AndroidManifest.xml:10:5-65
16-->src\main\AndroidManifest.xml:10:22-62
17    <uses-permission android:name="android.permission.RECORD_AUDIO" />
17-->src\main\AndroidManifest.xml:11:5-71
17-->src\main\AndroidManifest.xml:11:22-68
18    <uses-permission android:name="android.permission.VIBRATE" />
18-->src\main\AndroidManifest.xml:12:5-66
18-->src\main\AndroidManifest.xml:12:22-63
19
20    <!-- Storage -->
21    <uses-permission
21-->src\main\AndroidManifest.xml:15:5-16:38
22        android:name="android.permission.READ_EXTERNAL_STORAGE"
22-->src\main\AndroidManifest.xml:15:22-77
23        android:maxSdkVersion="32" />
23-->src\main\AndroidManifest.xml:16:9-35
24    <uses-permission
24-->src\main\AndroidManifest.xml:17:5-19:40
25        android:name="android.permission.WRITE_EXTERNAL_STORAGE"
25-->src\main\AndroidManifest.xml:17:22-78
26        android:maxSdkVersion="29" />
26-->src\main\AndroidManifest.xml:18:9-35
27    <uses-permission android:name="android.permission.READ_MEDIA_IMAGES" />
27-->src\main\AndroidManifest.xml:20:5-76
27-->src\main\AndroidManifest.xml:20:22-73
28    <uses-permission android:name="android.permission.READ_MEDIA_DOCUMENTS" />
28-->src\main\AndroidManifest.xml:21:5-79
28-->src\main\AndroidManifest.xml:21:22-76
29
30    <!-- Optional: Health & Sensors -->
31    <uses-permission android:name="android.permission.BODY_SENSORS" />
31-->src\main\AndroidManifest.xml:24:5-71
31-->src\main\AndroidManifest.xml:24:22-68
32    <uses-permission android:name="android.permission.ACTIVITY_RECOGNITION" />
32-->src\main\AndroidManifest.xml:25:5-79
32-->src\main\AndroidManifest.xml:25:22-76
33
34    <!-- Camera feature -->
35    <uses-feature
35-->src\main\AndroidManifest.xml:28:5-30:36
36        android:name="android.hardware.camera"
36-->src\main\AndroidManifest.xml:29:9-47
37        android:required="false" />
37-->src\main\AndroidManifest.xml:30:9-33
38    <uses-feature
38-->src\main\AndroidManifest.xml:31:5-33:36
39        android:name="android.hardware.camera.autofocus"
39-->src\main\AndroidManifest.xml:32:9-57
40        android:required="false" />
40-->src\main\AndroidManifest.xml:33:9-33
41
42    <permission
42-->[androidx.core:core:1.12.0] AndroidManifest.xml:22:5-24:47
43        android:name="com.health.companion.DYNAMIC_RECEIVER_NOT_EXPORTED_PERMISSION"
43-->[androidx.core:core:1.12.0] AndroidManifest.xml:23:9-81
44        android:protectionLevel="signature" />
44-->[androidx.core:core:1.12.0] AndroidManifest.xml:24:9-44
45
46    <uses-permission android:name="com.health.companion.DYNAMIC_RECEIVER_NOT_EXPORTED_PERMISSION" />
46-->[androidx.core:core:1.12.0] AndroidManifest.xml:26:5-97
46-->[androidx.core:core:1.12.0] AndroidManifest.xml:26:22-94
47
48    <application
48-->src\main\AndroidManifest.xml:35:5-71:19
49        android:name="com.health.companion.App"
49-->src\main\AndroidManifest.xml:36:9-28
50        android:allowBackup="false"
50-->src\main\AndroidManifest.xml:37:9-36
51        android:appComponentFactory="androidx.core.app.CoreComponentFactory"
51-->[androidx.core:core:1.12.0] AndroidManifest.xml:28:18-86
52        android:debuggable="true"
53        android:extractNativeLibs="false"
54        android:icon="@mipmap/ic_launcher"
54-->src\main\AndroidManifest.xml:38:9-43
55        android:label="@string/app_name"
55-->src\main\AndroidManifest.xml:39:9-41
56        android:networkSecurityConfig="@xml/network_security_config"
56-->src\main\AndroidManifest.xml:44:9-69
57        android:roundIcon="@mipmap/ic_launcher_round"
57-->src\main\AndroidManifest.xml:40:9-54
58        android:supportsRtl="true"
58-->src\main\AndroidManifest.xml:41:9-35
59        android:theme="@style/Theme.HealthCompanion"
59-->src\main\AndroidManifest.xml:42:9-53
60        android:usesCleartextTraffic="true" >
60-->src\main\AndroidManifest.xml:43:9-44
61        <activity
61-->src\main\AndroidManifest.xml:47:9-58:20
62            android:name="com.health.companion.MainActivity"
62-->src\main\AndroidManifest.xml:48:13-41
63            android:exported="true"
63-->src\main\AndroidManifest.xml:49:13-36
64            android:label="@string/app_name"
64-->src\main\AndroidManifest.xml:50:13-45
65            android:screenOrientation="portrait"
65-->src\main\AndroidManifest.xml:52:13-49
66            android:theme="@style/Theme.HealthCompanion"
66-->src\main\AndroidManifest.xml:51:13-57
67            android:windowSoftInputMode="adjustResize" >
67-->src\main\AndroidManifest.xml:53:13-55
68            <intent-filter>
68-->src\main\AndroidManifest.xml:54:13-57:29
69                <action android:name="android.intent.action.MAIN" />
69-->src\main\AndroidManifest.xml:55:17-69
69-->src\main\AndroidManifest.xml:55:25-66
70
71                <category android:name="android.intent.category.LAUNCHER" />
71-->src\main\AndroidManifest.xml:56:17-77
71-->src\main\AndroidManifest.xml:56:27-74
72            </intent-filter>
73        </activity>
74
75        <!-- FileProvider for Camera -->
76        <provider
77            android:name="androidx.core.content.FileProvider"
77-->src\main\AndroidManifest.xml:62:13-62
78            android:authorities="com.health.companion.provider"
78-->src\main\AndroidManifest.xml:63:13-60
79            android:exported="false"
79-->src\main\AndroidManifest.xml:64:13-37
80            android:grantUriPermissions="true" >
80-->src\main\AndroidManifest.xml:65:13-47
81            <meta-data
81-->src\main\AndroidManifest.xml:66:13-68:54
82                android:name="android.support.FILE_PROVIDER_PATHS"
82-->src\main\AndroidManifest.xml:67:17-67
83                android:resource="@xml/file_paths" />
83-->src\main\AndroidManifest.xml:68:17-51
84        </provider>
85
86        <service
86-->[androidx.camera:camera-camera2:1.3.1] AndroidManifest.xml:24:9-33:19
87            android:name="androidx.camera.core.impl.MetadataHolderService"
87-->[androidx.camera:camera-camera2:1.3.1] AndroidManifest.xml:25:13-75
88            android:enabled="false"
88-->[androidx.camera:camera-camera2:1.3.1] AndroidManifest.xml:26:13-36
89            android:exported="false" >
89-->[androidx.camera:camera-camera2:1.3.1] AndroidManifest.xml:27:13-37
90            <meta-data
90-->[androidx.camera:camera-camera2:1.3.1] AndroidManifest.xml:30:13-32:89
91                android:name="androidx.camera.core.impl.MetadataHolderService.DEFAULT_CONFIG_PROVIDER"
91-->[androidx.camera:camera-camera2:1.3.1] AndroidManifest.xml:31:17-103
92                android:value="androidx.camera.camera2.Camera2Config$DefaultProvider" />
92-->[androidx.camera:camera-camera2:1.3.1] AndroidManifest.xml:32:17-86
93        </service>
94
95        <activity
95-->[androidx.compose.ui:ui-test-manifest:1.6.1] AndroidManifest.xml:23:9-25:39
96            android:name="androidx.activity.ComponentActivity"
96-->[androidx.compose.ui:ui-test-manifest:1.6.1] AndroidManifest.xml:24:13-63
97            android:exported="true" />
97-->[androidx.compose.ui:ui-test-manifest:1.6.1] AndroidManifest.xml:25:13-36
98        <activity
98-->[androidx.compose.ui:ui-tooling-android:1.6.1] AndroidManifest.xml:23:9-25:39
99            android:name="androidx.compose.ui.tooling.PreviewActivity"
99-->[androidx.compose.ui:ui-tooling-android:1.6.1] AndroidManifest.xml:24:13-71
100            android:exported="true" />
100-->[androidx.compose.ui:ui-tooling-android:1.6.1] AndroidManifest.xml:25:13-36
101
102        <provider
102-->[androidx.emoji2:emoji2:1.3.0] AndroidManifest.xml:24:9-32:20
103            android:name="androidx.startup.InitializationProvider"
103-->[androidx.emoji2:emoji2:1.3.0] AndroidManifest.xml:25:13-67
104            android:authorities="com.health.companion.androidx-startup"
104-->[androidx.emoji2:emoji2:1.3.0] AndroidManifest.xml:26:13-68
105            android:exported="false" >
105-->[androidx.emoji2:emoji2:1.3.0] AndroidManifest.xml:27:13-37
106            <meta-data
106-->[androidx.emoji2:emoji2:1.3.0] AndroidManifest.xml:29:13-31:52
107                android:name="androidx.emoji2.text.EmojiCompatInitializer"
107-->[androidx.emoji2:emoji2:1.3.0] AndroidManifest.xml:30:17-75
108                android:value="androidx.startup" />
108-->[androidx.emoji2:emoji2:1.3.0] AndroidManifest.xml:31:17-49
109            <meta-data
109-->[androidx.lifecycle:lifecycle-process:2.7.0] AndroidManifest.xml:29:13-31:52
110                android:name="androidx.lifecycle.ProcessLifecycleInitializer"
110-->[androidx.lifecycle:lifecycle-process:2.7.0] AndroidManifest.xml:30:17-78
111                android:value="androidx.startup" />
111-->[androidx.lifecycle:lifecycle-process:2.7.0] AndroidManifest.xml:31:17-49
112            <meta-data
112-->[androidx.profileinstaller:profileinstaller:1.3.1] AndroidManifest.xml:29:13-31:52
113                android:name="androidx.profileinstaller.ProfileInstallerInitializer"
113-->[androidx.profileinstaller:profileinstaller:1.3.1] AndroidManifest.xml:30:17-85
114                android:value="androidx.startup" />
114-->[androidx.profileinstaller:profileinstaller:1.3.1] AndroidManifest.xml:31:17-49
115        </provider>
116
117        <service
117-->[androidx.room:room-runtime:2.6.1] AndroidManifest.xml:24:9-28:63
118            android:name="androidx.room.MultiInstanceInvalidationService"
118-->[androidx.room:room-runtime:2.6.1] AndroidManifest.xml:25:13-74
119            android:directBootAware="true"
119-->[androidx.room:room-runtime:2.6.1] AndroidManifest.xml:26:13-43
120            android:exported="false" />
120-->[androidx.room:room-runtime:2.6.1] AndroidManifest.xml:27:13-37
121
122        <receiver
122-->[androidx.profileinstaller:profileinstaller:1.3.1] AndroidManifest.xml:34:9-52:20
123            android:name="androidx.profileinstaller.ProfileInstallReceiver"
123-->[androidx.profileinstaller:profileinstaller:1.3.1] AndroidManifest.xml:35:13-76
124            android:directBootAware="false"
124-->[androidx.profileinstaller:profileinstaller:1.3.1] AndroidManifest.xml:36:13-44
125            android:enabled="true"
125-->[androidx.profileinstaller:profileinstaller:1.3.1] AndroidManifest.xml:37:13-35
126            android:exported="true"
126-->[androidx.profileinstaller:profileinstaller:1.3.1] AndroidManifest.xml:38:13-36
127            android:permission="android.permission.DUMP" >
127-->[androidx.profileinstaller:profileinstaller:1.3.1] AndroidManifest.xml:39:13-57
128            <intent-filter>
128-->[androidx.profileinstaller:profileinstaller:1.3.1] AndroidManifest.xml:40:13-42:29
129                <action android:name="androidx.profileinstaller.action.INSTALL_PROFILE" />
129-->[androidx.profileinstaller:profileinstaller:1.3.1] AndroidManifest.xml:41:17-91
129-->[androidx.profileinstaller:profileinstaller:1.3.1] AndroidManifest.xml:41:25-88
130            </intent-filter>
131            <intent-filter>
131-->[androidx.profileinstaller:profileinstaller:1.3.1] AndroidManifest.xml:43:13-45:29
132                <action android:name="androidx.profileinstaller.action.SKIP_FILE" />
132-->[androidx.profileinstaller:profileinstaller:1.3.1] AndroidManifest.xml:44:17-85
132-->[androidx.profileinstaller:profileinstaller:1.3.1] AndroidManifest.xml:44:25-82
133            </intent-filter>
134            <intent-filter>
134-->[androidx.profileinstaller:profileinstaller:1.3.1] AndroidManifest.xml:46:13-48:29
135                <action android:name="androidx.profileinstaller.action.SAVE_PROFILE" />
135-->[androidx.profileinstaller:profileinstaller:1.3.1] AndroidManifest.xml:47:17-88
135-->[androidx.profileinstaller:profileinstaller:1.3.1] AndroidManifest.xml:47:25-85
136            </intent-filter>
137            <intent-filter>
137-->[androidx.profileinstaller:profileinstaller:1.3.1] AndroidManifest.xml:49:13-51:29
138                <action android:name="androidx.profileinstaller.action.BENCHMARK_OPERATION" />
138-->[androidx.profileinstaller:profileinstaller:1.3.1] AndroidManifest.xml:50:17-95
138-->[androidx.profileinstaller:profileinstaller:1.3.1] AndroidManifest.xml:50:25-92
139            </intent-filter>
140        </receiver>
141    </application>
142
143</manifest>